生成启动时间为 2020/5/15 15:55:06。
     1>项目“D:\test\DOF\DOF\DOF.vcxproj”在节点 2 上(Build 个目标)。
     1>CustomBuild:
         Uic'ing dof.ui...
         Rcc'ing dof.qrc...
       ClCompile:
         C:\Program Files (x86)\Microsoft Visual Studio 12.0\VC\bin\x86_amd64\CL.exe /c /I.\GeneratedFiles /I. /ID:\Qt\Qt5.7.0\5.7\msvc2013_64\include /I.\GeneratedFiles\Release /ID:\Qt\Qt5.7.0\5.7\msvc2013_64\include\QtCore /ID:\Qt\Qt5.7.0\5.7\msvc2013_64\include\QtGui /ID:\Qt\Qt5.7.0\5.7\msvc2013_64\include\QtWidgets /nologo /W1 /WX- /O2 /D UNICODE /D WIN32 /D WIN64 /D QT_DLL /D QT_NO_DEBUG /D NDEBUG /D QT_CORE_LIB /D QT_GUI_LIB /D QT_WIDGETS_LIB /Gm- /EHsc /MD /GS /fp:precise /Zc:wchar_t /Zc:forScope /Fo"x64\Release\\" /Fd"x64\Release\vc120.pdb" /Gd /TP /errorReport:prompt GeneratedFiles\Release\moc_dof.cpp dof.cpp main.cpp
         moc_dof.cpp
         dof.cpp
         main.cpp
         正在生成代码...
         C:\Program Files (x86)\Microsoft Visual Studio 12.0\VC\bin\x86_amd64\CL.exe /c /I.\GeneratedFiles /I. /ID:\Qt\Qt5.7.0\5.7\msvc2013_64\include /I.\GeneratedFiles\Release /ID:\Qt\Qt5.7.0\5.7\msvc2013_64\include\QtCore /ID:\Qt\Qt5.7.0\5.7\msvc2013_64\include\QtGui /ID:\Qt\Qt5.7.0\5.7\msvc2013_64\include\QtWidgets /nologo /W1 /WX- /O2 /D UNICODE /D WIN32 /D WIN64 /D QT_DLL /D QT_NO_DEBUG /D NDEBUG /D QT_CORE_LIB /D QT_GUI_LIB /D QT_WIDGETS_LIB /Gm- /EHsc /MD /GS /fp:precise /Zc:wchar_t /Zc:forScope /Fo"x64\Release\\" /Fd"x64\Release\vc120.pdb" /Gd /TP /errorReport:prompt GeneratedFiles\qrc_dof.cpp
         qrc_dof.cpp
       Link:
         C:\Program Files (x86)\Microsoft Visual Studio 12.0\VC\bin\x86_amd64\link.exe /ERRORREPORT:PROMPT /OUT:"D:\test\DOF\x64\Release\\DOF.exe" /NOLOGO /LIBPATH:D:\Qt\Qt5.7.0\5.7\msvc2013_64\lib qtmain.lib Qt5Core.lib Qt5Gui.lib Qt5Widgets.lib kernel32.lib user32.lib gdi32.lib winspool.lib comdlg32.lib advapi32.lib shell32.lib ole32.lib oleaut32.lib uuid.lib odbc32.lib odbccp32.lib /MANIFEST /MANIFESTUAC:"level='asInvoker' uiAccess='false'" /manifest:embed /PDB:"D:\test\DOF\x64\Release\DOF.pdb" /SUBSYSTEM:WINDOWS /TLBID:1 /DYNAMICBASE /NXCOMPAT /IMPLIB:"D:\test\DOF\x64\Release\DOF.lib" /MACHINE:X64 x64\Release\DOF.res
         x64\Release\dof.obj
         x64\Release\qrc_dof.obj
         x64\Release\moc_dof.obj
         x64\Release\main.obj
         DOF.vcxproj -> D:\test\DOF\x64\Release\DOF.exe
     1>已完成生成项目“D:\test\DOF\DOF\DOF.vcxproj”(Build 个目标)的操作。

生成成功。

已用时间 00:00:07.34
